<?xml version="1.0" encoding="UTF-8"?>
<!-- Generated by org.testng.reporters.JUnitXMLReporter -->
<testsuite hostname="shivamk3151439" ignored="0" name="Test" tests="10" failures="0" timestamp="01 Nov 2019 12:36:19 GMT" time="19.66" errors="0">
  <testcase name="Create_List" time="5.698" classname="Test_Runner.Post"/>
  <testcase name="Create_Task" time="1.521" classname="Test_Runner.Post"/>
  <testcase name="Get_AllList" time="1.43" classname="Test_Runner.Get"/>
  <testcase name="Get_SpecificList" time="1.109" classname="Test_Runner.Get"/>
  <testcase name="Patch_List" time="1.649" classname="Test_Runner.Patch"/>
  <testcase name="Patch_Task" time="1.483" classname="Test_Runner.Patch"/>
  <testcase name="Put_List" time="1.393" classname="Test_Runner.Put"/>
  <testcase name="Put_Task" time="1.384" classname="Test_Runner.Put"/>
  <testcase name="Delete_Task" time="1.687" classname="Test_Runner.Delete"/>
  <testcase name="Delete_List" time="1.226" classname="Test_Runner.Delete"/>
</testsuite> <!-- Test -->
