<?xml version="1.0" encoding="UTF-8"?>
<testng-results skipped="0" failed="0" ignored="0" total="10" passed="10">
  <reporter-output>
  </reporter-output>
  <suite name="Suite" duration-ms="19660" started-at="2019-11-01T12:35:59Z" finished-at="2019-11-01T12:36:19Z">
    <groups>
    </groups>
    <test name="Test" duration-ms="19660" started-at="2019-11-01T12:35:59Z" finished-at="2019-11-01T12:36:19Z">
      <class name="Test_Runner.Post">
        <test-method status="PASS" signature="Create_List()[pri:0, instance:Test_Runner.Post@4a87761d]" name="Create_List" duration-ms="5698" started-at="2019-11-01T12:35:59Z" finished-at="2019-11-01T12:36:05Z">
          <reporter-output>
          </reporter-output>
        </test-method> <!-- Create_List -->
        <test-method status="PASS" signature="afterMethod()[pri:0, instance:Test_Runner.Post@4a87761d]" name="afterMethod" is-config="true" duration-ms="482" started-at="2019-11-01T12:36:05Z" finished-at="2019-11-01T12:36:06Z">
          <reporter-output>
          </reporter-output>
        </test-method> <!-- afterMethod -->
        <test-method status="PASS" signature="Create_Task()[pri:0, instance:Test_Runner.Post@4a87761d]" name="Create_Task" duration-ms="1521" started-at="2019-11-01T12:36:06Z" finished-at="2019-11-01T12:36:07Z">
          <reporter-output>
          </reporter-output>
        </test-method> <!-- Create_Task -->
        <test-method status="PASS" signature="afterMethod()[pri:0, instance:Test_Runner.Post@4a87761d]" name="afterMethod" is-config="true" duration-ms="46" started-at="2019-11-01T12:36:07Z" finished-at="2019-11-01T12:36:07Z">
          <reporter-output>
          </reporter-output>
        </test-method> <!-- afterMethod -->
      </class> <!-- Test_Runner.Post -->
      <class name="Test_Runner.Delete">
        <test-method status="PASS" signature="initialize()[pri:0, instance:Test_Runner.Delete@4671e53b]" name="initialize" is-config="true" duration-ms="80" started-at="2019-11-01T12:35:59Z" finished-at="2019-11-01T12:35:59Z">
          <reporter-output>
          </reporter-output>
        </test-method> <!-- initialize -->
        <test-method status="PASS" signature="initialize()[pri:0, instance:Test_Runner.Get@66d1af89]" name="initialize" is-config="true" duration-ms="5" started-at="2019-11-01T12:35:59Z" finished-at="2019-11-01T12:35:59Z">
          <reporter-output>
          </reporter-output>
        </test-method> <!-- initialize -->
        <test-method status="PASS" signature="initialize()[pri:0, instance:Test_Runner.Patch@8646db9]" name="initialize" is-config="true" duration-ms="12" started-at="2019-11-01T12:35:59Z" finished-at="2019-11-01T12:35:59Z">
          <reporter-output>
          </reporter-output>
        </test-method> <!-- initialize -->
        <test-method status="PASS" signature="initialize()[pri:0, instance:Test_Runner.Post@4a87761d]" name="initialize" is-config="true" duration-ms="5" started-at="2019-11-01T12:35:59Z" finished-at="2019-11-01T12:35:59Z">
          <reporter-output>
          </reporter-output>
        </test-method> <!-- initialize -->
        <test-method status="PASS" signature="initialize()[pri:0, instance:Test_Runner.Put@37374a5e]" name="initialize" is-config="true" duration-ms="0" started-at="2019-11-01T12:35:59Z" finished-at="2019-11-01T12:35:59Z">
          <reporter-output>
          </reporter-output>
        </test-method> <!-- initialize -->
        <test-method status="PASS" signature="Delete_Task()[pri:1, instance:Test_Runner.Delete@4671e53b]" name="Delete_Task" duration-ms="1687" started-at="2019-11-01T12:36:16Z" finished-at="2019-11-01T12:36:18Z">
          <reporter-output>
          </reporter-output>
        </test-method> <!-- Delete_Task -->
        <test-method status="PASS" signature="afterMethod()[pri:0, instance:Test_Runner.Delete@4671e53b]" name="afterMethod" is-config="true" duration-ms="43" started-at="2019-11-01T12:36:18Z" finished-at="2019-11-01T12:36:18Z">
          <reporter-output>
          </reporter-output>
        </test-method> <!-- afterMethod -->
        <test-method status="PASS" signature="Delete_List()[pri:2, instance:Test_Runner.Delete@4671e53b]" name="Delete_List" duration-ms="1226" started-at="2019-11-01T12:36:18Z" finished-at="2019-11-01T12:36:19Z">
          <reporter-output>
          </reporter-output>
        </test-method> <!-- Delete_List -->
        <test-method status="PASS" signature="afterMethod()[pri:0, instance:Test_Runner.Delete@4671e53b]" name="afterMethod" is-config="true" duration-ms="107" started-at="2019-11-01T12:36:19Z" finished-at="2019-11-01T12:36:19Z">
          <reporter-output>
          </reporter-output>
        </test-method> <!-- afterMethod -->
      </class> <!-- Test_Runner.Delete -->
      <class name="Test_Runner.Put">
        <test-method status="PASS" signature="Put_List()[pri:0, instance:Test_Runner.Put@37374a5e]" name="Put_List" duration-ms="1393" started-at="2019-11-01T12:36:13Z" finished-at="2019-11-01T12:36:14Z">
          <reporter-output>
          </reporter-output>
        </test-method> <!-- Put_List -->
        <test-method status="PASS" signature="afterMethod()[pri:0, instance:Test_Runner.Put@37374a5e]" name="afterMethod" is-config="true" duration-ms="51" started-at="2019-11-01T12:36:14Z" finished-at="2019-11-01T12:36:15Z">
          <reporter-output>
          </reporter-output>
        </test-method> <!-- afterMethod -->
        <test-method status="PASS" signature="Put_Task()[pri:0, instance:Test_Runner.Put@37374a5e]" name="Put_Task" duration-ms="1384" started-at="2019-11-01T12:36:15Z" finished-at="2019-11-01T12:36:16Z">
          <reporter-output>
          </reporter-output>
        </test-method> <!-- Put_Task -->
        <test-method status="PASS" signature="afterMethod()[pri:0, instance:Test_Runner.Put@37374a5e]" name="afterMethod" is-config="true" duration-ms="29" started-at="2019-11-01T12:36:16Z" finished-at="2019-11-01T12:36:16Z">
          <reporter-output>
          </reporter-output>
        </test-method> <!-- afterMethod -->
      </class> <!-- Test_Runner.Put -->
      <class name="Test_Runner.Patch">
        <test-method status="PASS" signature="Patch_List()[pri:0, instance:Test_Runner.Patch@8646db9]" name="Patch_List" duration-ms="1649" started-at="2019-11-01T12:36:10Z" finished-at="2019-11-01T12:36:11Z">
          <reporter-output>
          </reporter-output>
        </test-method> <!-- Patch_List -->
        <test-method status="PASS" signature="afterMethod()[pri:0, instance:Test_Runner.Patch@8646db9]" name="afterMethod" is-config="true" duration-ms="56" started-at="2019-11-01T12:36:11Z" finished-at="2019-11-01T12:36:12Z">
          <reporter-output>
          </reporter-output>
        </test-method> <!-- afterMethod -->
        <test-method status="PASS" signature="Patch_Task()[pri:0, instance:Test_Runner.Patch@8646db9]" name="Patch_Task" duration-ms="1483" started-at="2019-11-01T12:36:12Z" finished-at="2019-11-01T12:36:13Z">
          <reporter-output>
          </reporter-output>
        </test-method> <!-- Patch_Task -->
        <test-method status="PASS" signature="afterMethod()[pri:0, instance:Test_Runner.Patch@8646db9]" name="afterMethod" is-config="true" duration-ms="28" started-at="2019-11-01T12:36:13Z" finished-at="2019-11-01T12:36:13Z">
          <reporter-output>
          </reporter-output>
        </test-method> <!-- afterMethod -->
      </class> <!-- Test_Runner.Patch -->
      <class name="Test_Runner.Get">
        <test-method status="PASS" signature="Get_AllList()[pri:0, instance:Test_Runner.Get@66d1af89]" name="Get_AllList" duration-ms="1430" started-at="2019-11-01T12:36:07Z" finished-at="2019-11-01T12:36:09Z">
          <reporter-output>
          </reporter-output>
        </test-method> <!-- Get_AllList -->
        <test-method status="PASS" signature="afterMethod()[pri:0, instance:Test_Runner.Get@66d1af89]" name="afterMethod" is-config="true" duration-ms="105" started-at="2019-11-01T12:36:09Z" finished-at="2019-11-01T12:36:09Z">
          <reporter-output>
          </reporter-output>
        </test-method> <!-- afterMethod -->
        <test-method status="PASS" signature="Get_SpecificList()[pri:0, instance:Test_Runner.Get@66d1af89]" name="Get_SpecificList" duration-ms="1109" started-at="2019-11-01T12:36:09Z" finished-at="2019-11-01T12:36:10Z">
          <reporter-output>
          </reporter-output>
        </test-method> <!-- Get_SpecificList -->
        <test-method status="PASS" signature="afterMethod()[pri:0, instance:Test_Runner.Get@66d1af89]" name="afterMethod" is-config="true" duration-ms="55" started-at="2019-11-01T12:36:10Z" finished-at="2019-11-01T12:36:10Z">
          <reporter-output>
          </reporter-output>
        </test-method> <!-- afterMethod -->
      </class> <!-- Test_Runner.Get -->
    </test> <!-- Test -->
  </suite> <!-- Suite -->
</testng-results>
